<?xml version="1.0" encoding="UTF-8"?>
<!-- Generated by org.testng.reporters.JUnitReportReporter -->
<testsuite hostname="DESKTOP-LFPD9NH" failures="0" tests="1" name="onliner.runners.TestRunner" time="43.846" errors="0" timestamp="2022-06-07T21:58:37 MSK" skipped="0">
  <testcase classname="onliner.runners.TestRunner" name="runScenario" time="43.846"/>
  <system-out/>
</testsuite> <!-- onliner.runners.TestRunner -->
